<?xml version="1.0" encoding="UTF-8"?>
<testsuite name="com.example.releaseit.ReleaseitApplicationTests" tests="1" skipped="0" failures="0" errors="0" timestamp="2025-01-25T08:31:23" hostname="MacBookPro" time="0.937">
  <properties/>
  <testcase name="contextLoads()" classname="com.example.releaseit.ReleaseitApplicationTests" time="0.937"/>
  <system-out><![CDATA[09:31:22.003 [Test worker] INFO org.springframework.test.context.support.AnnotationConfigContextLoaderUtils -- Could not detect default configuration classes for test class [com.example.releaseit.ReleaseitApplicationTests]: ReleaseitApplicationTests does not declare any static, non-private, non-final, nested classes annotated with @Configuration.
09:31:22.090 [Test worker] INFO org.springframework.boot.test.context.SpringBootTestContextBootstrapper -- Found @SpringBootConfiguration com.example.releaseit.ReleaseitApplication for test class com.example.releaseit.ReleaseitApplicationTests

  .   ____          _            __ _ _
 /\\ / ___'_ __ _ _(_)_ __  __ _ \ \ \ \
( ( )\___ | '_ | '_| | '_ \/ _` | \ \ \ \
 \\/  ___)| |_)| | | | | || (_| |  ) ) ) )
  '  |____| .__|_| |_|_| |_\__, | / / / /
 =========|_|==============|___/=/_/_/_/

 :: Spring Boot ::                (v3.4.2)

2025-01-25T09:31:22.398+01:00  INFO 44623 --- [releaseit] [    Test worker] c.e.releaseit.ReleaseitApplicationTests  : Starting ReleaseitApplicationTests using Java 21.0.5 with PID 44623 (started by jfalkbjer in /Users/jfalkbjer/stuff/java/releaseit)
2025-01-25T09:31:22.399+01:00  INFO 44623 --- [releaseit] [    Test worker] c.e.releaseit.ReleaseitApplicationTests  : No active profile set, falling back to 1 default profile: "default"
2025-01-25T09:31:23.491+01:00  INFO 44623 --- [releaseit] [    Test worker] o.s.b.a.e.web.EndpointLinksResolver      : Exposing 1 endpoint beneath base path '/actuator'
2025-01-25T09:31:23.549+01:00  INFO 44623 --- [releaseit] [    Test worker] c.e.releaseit.ReleaseitApplicationTests  : Started ReleaseitApplicationTests in 1.365 seconds (process running for 2.198)
]]></system-out>
  <system-err><![CDATA[Mockito is currently self-attaching to enable the inline-mock-maker. This will no longer work in future releases of the JDK. Please add Mockito as an agent to your build what is described in Mockito's documentation: https://javadoc.io/doc/org.mockito/mockito-core/latest/org/mockito/Mockito.html#0.3
WARNING: A Java agent has been loaded dynamically (/Users/jfalkbjer/.gradle/caches/modules-2/files-2.1/net.bytebuddy/byte-buddy-agent/1.15.11/a38b16385e867f59a641330f0362ebe742788ed8/byte-buddy-agent-1.15.11.jar)
WARNING: If a serviceability tool is in use, please run with -XX:+EnableDynamicAgentLoading to hide this warning
WARNING: If a serviceability tool is not in use, please run with -Djdk.instrument.traceUsage for more information
WARNING: Dynamic loading of agents will be disallowed by default in a future release
]]></system-err>
</testsuite>
